<?xml version="1.0" encoding="UTF-8" ?>
<testsuite failures="0" time="0.395" errors="0" skipped="0" tests="2" name="com.md.dm.vi.vast.SpringMongoTest">
  <properties>
    <property name="java.runtime.name" value="Java(TM) SE Runtime Environment"/>
    <property name="sun.boot.library.path" value="/System/Library/Java/JavaVirtualMachines/1.6.0.jdk/Contents/Libraries"/>
    <property name="java.vm.version" value="20.6-b01-413"/>
    <property name="awt.nativeDoubleBuffering" value="true"/>
    <property name="gopherProxySet" value="false"/>
    <property name="mrj.build" value="11M3623"/>
    <property name="java.vm.vendor" value="Apple Inc."/>
    <property name="java.vendor.url" value="http://www.apple.com/"/>
    <property name="path.separator" value=":"/>
    <property name="java.vm.name" value="Java HotSpot(TM) 64-Bit Server VM"/>
    <property name="file.encoding.pkg" value="sun.io"/>
    <property name="user.country" value="US"/>
    <property name="sun.java.launcher" value="SUN_STANDARD"/>
    <property name="sun.os.patch.level" value="unknown"/>
    <property name="java.vm.specification.name" value="Java Virtual Machine Specification"/>
    <property name="user.dir" value="/Users/diego/git/vast2012/vast"/>
    <property name="java.runtime.version" value="1.6.0_31-b04-413-11M3623"/>
    <property name="java.awt.graphicsenv" value="apple.awt.CGraphicsEnvironment"/>
    <property name="basedir" value="/Users/diego/git/vast2012/vast"/>
    <property name="java.endorsed.dirs" value="/System/Library/Java/JavaVirtualMachines/1.6.0.jdk/Contents/Home/lib/endorsed"/>
    <property name="os.arch" value="x86_64"/>
    <property name="surefire.real.class.path" value="/Users/diego/git/vast2012/vast/target/surefire/surefirebooter4966832800932884977.jar"/>
    <property name="java.io.tmpdir" value="/var/folders/rn/h7qzwh1s2tl2yr9v05f41frm0000gq/T/"/>
    <property name="line.separator" value="
"/>
    <property name="java.vm.specification.vendor" value="Sun Microsystems Inc."/>
    <property name="os.name" value="Mac OS X"/>
    <property name="sun.jnu.encoding" value="MacRoman"/>
    <property name="java.library.path" value=".:/Library/Java/Extensions:/System/Library/Java/Extensions:/usr/lib/java"/>
    <property name="surefire.test.class.path" value="/Users/diego/git/vast2012/vast/target/test-classes:/Users/diego/git/vast2012/vast/target/classes:/Users/diego/.m2/repository/org/springframework/spring-webmvc/3.1.1.RELEASE/spring-webmvc-3.1.1.RELEASE.jar:/Users/diego/.m2/repository/org/springframework/spring-asm/3.1.1.RELEASE/spring-asm-3.1.1.RELEASE.jar:/Users/diego/.m2/repository/org/springframework/spring-beans/3.1.1.RELEASE/spring-beans-3.1.1.RELEASE.jar:/Users/diego/.m2/repository/org/springframework/spring-context/3.1.1.RELEASE/spring-context-3.1.1.RELEASE.jar:/Users/diego/.m2/repository/org/springframework/spring-aop/3.1.1.RELEASE/spring-aop-3.1.1.RELEASE.jar:/Users/diego/.m2/repository/org/springframework/spring-context-support/3.1.1.RELEASE/spring-context-support-3.1.1.RELEASE.jar:/Users/diego/.m2/repository/org/springframework/spring-core/3.1.1.RELEASE/spring-core-3.1.1.RELEASE.jar:/Users/diego/.m2/repository/commons-logging/commons-logging/1.1.1/commons-logging-1.1.1.jar:/Users/diego/.m2/repository/org/springframework/spring-expression/3.1.1.RELEASE/spring-expression-3.1.1.RELEASE.jar:/Users/diego/.m2/repository/org/springframework/spring-web/3.1.1.RELEASE/spring-web-3.1.1.RELEASE.jar:/Users/diego/.m2/repository/aopalliance/aopalliance/1.0/aopalliance-1.0.jar:/Users/diego/.m2/repository/javax/validation/validation-api/1.0.0.GA/validation-api-1.0.0.GA.jar:/Users/diego/.m2/repository/org/hibernate/hibernate-validator/4.2.0.Final/hibernate-validator-4.2.0.Final.jar:/Users/diego/.m2/repository/org/slf4j/slf4j-api/1.6.1/slf4j-api-1.6.1.jar:/Users/diego/.m2/repository/javax/servlet/javax.servlet-api/3.0.1/javax.servlet-api-3.0.1.jar:/Users/diego/.m2/repository/org/codehaus/jackson/jackson-mapper-asl/1.9.2/jackson-mapper-asl-1.9.2.jar:/Users/diego/.m2/repository/org/codehaus/jackson/jackson-core-asl/1.9.2/jackson-core-asl-1.9.2.jar:/Users/diego/.m2/repository/javax/inject/javax.inject/1/javax.inject-1.jar:/Users/diego/.m2/repository/org/springframework/data/spring-data-mongodb/1.0.1.RELEASE/spring-data-mongodb-1.0.1.RELEASE.jar:/Users/diego/.m2/repository/org/springframework/data/spring-data-commons-core/1.2.1.RELEASE/spring-data-commons-core-1.2.1.RELEASE.jar:/Users/diego/.m2/repository/org/springframework/spring-tx/3.1.1.RELEASE/spring-tx-3.1.1.RELEASE.jar:/Users/diego/.m2/repository/org/mongodb/mongo-java-driver/2.7.1/mongo-java-driver-2.7.1.jar:/Users/diego/.m2/repository/ch/qos/logback/logback-classic/1.0.0/logback-classic-1.0.0.jar:/Users/diego/.m2/repository/ch/qos/logback/logback-core/1.0.0/logback-core-1.0.0.jar:/Users/diego/.m2/repository/cglib/cglib-nodep/2.2/cglib-nodep-2.2.jar:/Users/diego/.m2/repository/junit/junit/4.10/junit-4.10.jar:/Users/diego/.m2/repository/org/hamcrest/hamcrest-core/1.1/hamcrest-core-1.1.jar:/Users/diego/.m2/repository/org/springframework/spring-test/3.1.1.RELEASE/spring-test-3.1.1.RELEASE.jar:"/>
    <property name="java.specification.name" value="Java Platform API Specification"/>
    <property name="java.class.version" value="50.0"/>
    <property name="sun.management.compiler" value="HotSpot 64-Bit Tiered Compilers"/>
    <property name="os.version" value="10.7.3"/>
    <property name="http.nonProxyHosts" value="local|*.local|169.254/16|*.169.254/16"/>
    <property name="user.home" value="/Users/diego"/>
    <property name="user.timezone" value=""/>
    <property name="java.awt.printerjob" value="apple.awt.CPrinterJob"/>
    <property name="java.specification.version" value="1.6"/>
    <property name="file.encoding" value="MacRoman"/>
    <property name="user.name" value="diego"/>
    <property name="java.class.path" value="/Users/diego/git/vast2012/vast/target/test-classes:/Users/diego/git/vast2012/vast/target/classes:/Users/diego/.m2/repository/org/springframework/spring-webmvc/3.1.1.RELEASE/spring-webmvc-3.1.1.RELEASE.jar:/Users/diego/.m2/repository/org/springframework/spring-asm/3.1.1.RELEASE/spring-asm-3.1.1.RELEASE.jar:/Users/diego/.m2/repository/org/springframework/spring-beans/3.1.1.RELEASE/spring-beans-3.1.1.RELEASE.jar:/Users/diego/.m2/repository/org/springframework/spring-context/3.1.1.RELEASE/spring-context-3.1.1.RELEASE.jar:/Users/diego/.m2/repository/org/springframework/spring-aop/3.1.1.RELEASE/spring-aop-3.1.1.RELEASE.jar:/Users/diego/.m2/repository/org/springframework/spring-context-support/3.1.1.RELEASE/spring-context-support-3.1.1.RELEASE.jar:/Users/diego/.m2/repository/org/springframework/spring-core/3.1.1.RELEASE/spring-core-3.1.1.RELEASE.jar:/Users/diego/.m2/repository/commons-logging/commons-logging/1.1.1/commons-logging-1.1.1.jar:/Users/diego/.m2/repository/org/springframework/spring-expression/3.1.1.RELEASE/spring-expression-3.1.1.RELEASE.jar:/Users/diego/.m2/repository/org/springframework/spring-web/3.1.1.RELEASE/spring-web-3.1.1.RELEASE.jar:/Users/diego/.m2/repository/aopalliance/aopalliance/1.0/aopalliance-1.0.jar:/Users/diego/.m2/repository/javax/validation/validation-api/1.0.0.GA/validation-api-1.0.0.GA.jar:/Users/diego/.m2/repository/org/hibernate/hibernate-validator/4.2.0.Final/hibernate-validator-4.2.0.Final.jar:/Users/diego/.m2/repository/org/slf4j/slf4j-api/1.6.1/slf4j-api-1.6.1.jar:/Users/diego/.m2/repository/javax/servlet/javax.servlet-api/3.0.1/javax.servlet-api-3.0.1.jar:/Users/diego/.m2/repository/org/codehaus/jackson/jackson-mapper-asl/1.9.2/jackson-mapper-asl-1.9.2.jar:/Users/diego/.m2/repository/org/codehaus/jackson/jackson-core-asl/1.9.2/jackson-core-asl-1.9.2.jar:/Users/diego/.m2/repository/javax/inject/javax.inject/1/javax.inject-1.jar:/Users/diego/.m2/repository/org/springframework/data/spring-data-mongodb/1.0.1.RELEASE/spring-data-mongodb-1.0.1.RELEASE.jar:/Users/diego/.m2/repository/org/springframework/data/spring-data-commons-core/1.2.1.RELEASE/spring-data-commons-core-1.2.1.RELEASE.jar:/Users/diego/.m2/repository/org/springframework/spring-tx/3.1.1.RELEASE/spring-tx-3.1.1.RELEASE.jar:/Users/diego/.m2/repository/org/mongodb/mongo-java-driver/2.7.1/mongo-java-driver-2.7.1.jar:/Users/diego/.m2/repository/ch/qos/logback/logback-classic/1.0.0/logback-classic-1.0.0.jar:/Users/diego/.m2/repository/ch/qos/logback/logback-core/1.0.0/logback-core-1.0.0.jar:/Users/diego/.m2/repository/cglib/cglib-nodep/2.2/cglib-nodep-2.2.jar:/Users/diego/.m2/repository/junit/junit/4.10/junit-4.10.jar:/Users/diego/.m2/repository/org/hamcrest/hamcrest-core/1.1/hamcrest-core-1.1.jar:/Users/diego/.m2/repository/org/springframework/spring-test/3.1.1.RELEASE/spring-test-3.1.1.RELEASE.jar:"/>
    <property name="java.vm.specification.version" value="1.0"/>
    <property name="sun.arch.data.model" value="64"/>
    <property name="java.home" value="/System/Library/Java/JavaVirtualMachines/1.6.0.jdk/Contents/Home"/>
    <property name="sun.java.command" value="/Users/diego/git/vast2012/vast/target/surefire/surefirebooter4966832800932884977.jar /Users/diego/git/vast2012/vast/target/surefire/surefire6542021373710395659tmp /Users/diego/git/vast2012/vast/target/surefire/surefire7829492380096329868tmp"/>
    <property name="java.specification.vendor" value="Sun Microsystems Inc."/>
    <property name="user.language" value="en"/>
    <property name="awt.toolkit" value="apple.awt.CToolkit"/>
    <property name="java.vm.info" value="mixed mode"/>
    <property name="java.version" value="1.6.0_31"/>
    <property name="java.ext.dirs" value="/Library/Java/Extensions:/System/Library/Java/Extensions:/System/Library/Java/JavaVirtualMachines/1.6.0.jdk/Contents/Home/lib/ext"/>
    <property name="sun.boot.class.path" value="/System/Library/Java/JavaVirtualMachines/1.6.0.jdk/Contents/Classes/jsfd.jar:/System/Library/Java/JavaVirtualMachines/1.6.0.jdk/Contents/Classes/classes.jar:/System/Library/Frameworks/JavaVM.framework/Frameworks/JavaRuntimeSupport.framework/Resources/Java/JavaRuntimeSupport.jar:/System/Library/Java/JavaVirtualMachines/1.6.0.jdk/Contents/Classes/ui.jar:/System/Library/Java/JavaVirtualMachines/1.6.0.jdk/Contents/Classes/laf.jar:/System/Library/Java/JavaVirtualMachines/1.6.0.jdk/Contents/Classes/sunrsasign.jar:/System/Library/Java/JavaVirtualMachines/1.6.0.jdk/Contents/Classes/jsse.jar:/System/Library/Java/JavaVirtualMachines/1.6.0.jdk/Contents/Classes/jce.jar:/System/Library/Java/JavaVirtualMachines/1.6.0.jdk/Contents/Classes/charsets.jar"/>
    <property name="java.vendor" value="Apple Inc."/>
    <property name="localRepository" value="/Users/diego/.m2/repository"/>
    <property name="file.separator" value="/"/>
    <property name="java.vendor.url.bug" value="http://bugreport.apple.com/"/>
    <property name="sun.cpu.endian" value="little"/>
    <property name="sun.io.unicode.encoding" value="UnicodeLittle"/>
    <property name="mrj.version" value="1070.1.6.0_31-413"/>
    <property name="socksNonProxyHosts" value="local|*.local|169.254/16|*.169.254/16"/>
    <property name="ftp.nonProxyHosts" value="local|*.local|169.254/16|*.169.254/16"/>
    <property name="sun.cpu.isalist" value=""/>
  </properties>
  <testcase time="0.338" classname="com.md.dm.vi.vast.SpringMongoTest" name="testSaveInstance"/>
  <testcase time="0.015" classname="com.md.dm.vi.vast.SpringMongoTest" name="testFindByBoundingBox"/>
</testsuite>